[0.208s] DEBUG:colcon:Command line arguments: ['/usr/bin/colcon', 'build', '--symlink-install']
[0.208s] DEBUG:colcon:Parsed command line arguments: Namespace(log_base=None, log_level=None, verb_name='build', build_base='build', install_base='install', merge_install=False, symlink_install=True, test_result_base=None, continue_on_error=False, executor='parallel', parallel_workers=4, event_handlers=None, ignore_user_meta=False, metas=['./colcon.meta'], base_paths=['.'], packages_ignore=None, packages_ignore_regex=None, paths=None, packages_up_to=None, packages_up_to_regex=None, packages_above=None, packages_above_and_dependencies=None, packages_above_depth=None, packages_select_by_dep=None, packages_skip_by_dep=None, packages_skip_up_to=None, packages_select_build_failed=False, packages_skip_build_finished=False, packages_select_test_failures=False, packages_skip_test_passed=False, packages_select=None, packages_skip=None, packages_select_regex=None, packages_skip_regex=None, packages_start=None, packages_end=None, allow_overriding=[], cmake_args=None, cmake_target=None, cmake_target_skip_unavailable=False, cmake_clean_cache=False, cmake_clean_first=False, cmake_force_configure=False, ament_cmake_args=None, catkin_cmake_args=None, catkin_skip_building_tests=False, verb_parser=<colcon_defaults.argument_parser.defaults.DefaultArgumentsDecorator object at 0x74bd2721fd00>, verb_extension=<colcon_core.verb.build.BuildVerb object at 0x74bd2721f7c0>, main=<bound method BuildVerb.main of <colcon_core.verb.build.BuildVerb object at 0x74bd2721f7c0>>)
[0.490s] Level 1:colcon.colcon_core.package_discovery:discover_packages(colcon_meta) check parameters
[0.493s] Level 1:colcon.colcon_core.package_discovery:discover_packages(recursive) check parameters
[0.496s] Level 1:colcon.colcon_core.package_discovery:discover_packages(ignore) check parameters
[0.497s] Level 1:colcon.colcon_core.package_discovery:discover_packages(path) check parameters
[0.498s] Level 1:colcon.colcon_core.package_discovery:discover_packages(colcon_meta) discover
[0.498s] Level 1:colcon.colcon_core.package_discovery:discover_packages(recursive) discover
[0.498s] INFO:colcon.colcon_core.package_discovery:Crawling recursively for packages in '/home/giaggi/Desktop/ROS2-Dynamic-local-Planner/dp_ws'
[0.498s] Level 1:colcon.colcon_core.package_identification:_identify(.) by extensions ['ignore', 'ignore_ament_install']
[0.499s] Level 1:colcon.colcon_core.package_identification:_identify(.) by extension 'ignore'
[0.499s] Level 1:colcon.colcon_core.package_identification:_identify(.) by extension 'ignore_ament_install'
[0.500s] Level 1:colcon.colcon_core.package_identification:_identify(.) by extensions ['colcon_pkg']
[0.500s] Level 1:colcon.colcon_core.package_identification:_identify(.) by extension 'colcon_pkg'
[0.501s] Level 1:colcon.colcon_core.package_identification:_identify(.) by extensions ['colcon_meta']
[0.501s] Level 1:colcon.colcon_core.package_identification:_identify(.) by extension 'colcon_meta'
[0.503s] Level 1:colcon.colcon_core.package_identification:_identify(.) by extensions ['ros']
[0.503s] Level 1:colcon.colcon_core.package_identification:_identify(.) by extension 'ros'
[0.531s] Level 1:colcon.colcon_core.package_identification:_identify(.) by extensions ['cmake', 'python']
[0.531s] Level 1:colcon.colcon_core.package_identification:_identify(.) by extension 'cmake'
[0.532s] Level 1:colcon.colcon_core.package_identification:_identify(.) by extension 'python'
[0.532s] Level 1:colcon.colcon_core.package_identification:_identify(.) by extensions ['python_setup_py']
[0.532s] Level 1:colcon.colcon_core.package_identification:_identify(.) by extension 'python_setup_py'
[0.532s] Level 1:colcon.colcon_core.package_identification:_identify(build) by extensions ['ignore', 'ignore_ament_install']
[0.533s] Level 1:colcon.colcon_core.package_identification:_identify(build) by extension 'ignore'
[0.533s] Level 1:colcon.colcon_core.package_identification:_identify(build) ignored
[0.534s] Level 1:colcon.colcon_core.package_identification:_identify(install) by extensions ['ignore', 'ignore_ament_install']
[0.534s] Level 1:colcon.colcon_core.package_identification:_identify(install) by extension 'ignore'
[0.535s] Level 1:colcon.colcon_core.package_identification:_identify(install) ignored
[0.535s] Level 1:colcon.colcon_core.package_identification:_identify(log) by extensions ['ignore', 'ignore_ament_install']
[0.535s] Level 1:colcon.colcon_core.package_identification:_identify(log) by extension 'ignore'
[0.535s] Level 1:colcon.colcon_core.package_identification:_identify(log) ignored
[0.535s] Level 1:colcon.colcon_core.package_identification:_identify(src) by extensions ['ignore', 'ignore_ament_install']
[0.535s] Level 1:colcon.colcon_core.package_identification:_identify(src) by extension 'ignore'
[0.535s] Level 1:colcon.colcon_core.package_identification:_identify(src) by extension 'ignore_ament_install'
[0.535s] Level 1:colcon.colcon_core.package_identification:_identify(src) by extensions ['colcon_pkg']
[0.535s] Level 1:colcon.colcon_core.package_identification:_identify(src) by extension 'colcon_pkg'
[0.535s] Level 1:colcon.colcon_core.package_identification:_identify(src) by extensions ['colcon_meta']
[0.535s] Level 1:colcon.colcon_core.package_identification:_identify(src) by extension 'colcon_meta'
[0.535s] Level 1:colcon.colcon_core.package_identification:_identify(src) by extensions ['ros']
[0.535s] Level 1:colcon.colcon_core.package_identification:_identify(src) by extension 'ros'
[0.535s] Level 1:colcon.colcon_core.package_identification:_identify(src) by extensions ['cmake', 'python']
[0.536s] Level 1:colcon.colcon_core.package_identification:_identify(src) by extension 'cmake'
[0.536s] Level 1:colcon.colcon_core.package_identification:_identify(src) by extension 'python'
[0.536s] Level 1:colcon.colcon_core.package_identification:_identify(src) by extensions ['python_setup_py']
[0.536s] Level 1:colcon.colcon_core.package_identification:_identify(src) by extension 'python_setup_py'
[0.536s] Level 1:colcon.colcon_core.package_identification:_identify(src/dynamic_planner) by extensions ['ignore', 'ignore_ament_install']
[0.536s] Level 1:colcon.colcon_core.package_identification:_identify(src/dynamic_planner) by extension 'ignore'
[0.536s] Level 1:colcon.colcon_core.package_identification:_identify(src/dynamic_planner) by extension 'ignore_ament_install'
[0.536s] Level 1:colcon.colcon_core.package_identification:_identify(src/dynamic_planner) by extensions ['colcon_pkg']
[0.536s] Level 1:colcon.colcon_core.package_identification:_identify(src/dynamic_planner) by extension 'colcon_pkg'
[0.536s] Level 1:colcon.colcon_core.package_identification:_identify(src/dynamic_planner) by extensions ['colcon_meta']
[0.536s] Level 1:colcon.colcon_core.package_identification:_identify(src/dynamic_planner) by extension 'colcon_meta'
[0.536s] Level 1:colcon.colcon_core.package_identification:_identify(src/dynamic_planner) by extensions ['ros']
[0.536s] Level 1:colcon.colcon_core.package_identification:_identify(src/dynamic_planner) by extension 'ros'
[0.547s] DEBUG:colcon.colcon_core.package_identification:Package 'src/dynamic_planner' with type 'ros.ament_cmake' and name 'dynamic_planner'
[0.547s] Level 1:colcon.colcon_core.package_discovery:discover_packages(recursive) using defaults
[0.548s] Level 1:colcon.colcon_core.package_discovery:discover_packages(ignore) discover
[0.548s] Level 1:colcon.colcon_core.package_discovery:discover_packages(ignore) using defaults
[0.548s] Level 1:colcon.colcon_core.package_discovery:discover_packages(path) discover
[0.549s] Level 1:colcon.colcon_core.package_discovery:discover_packages(path) using defaults
[0.598s] Level 1:colcon.colcon_core.package_discovery:discover_packages(prefix_path) check parameters
[0.598s] Level 1:colcon.colcon_core.package_discovery:discover_packages(prefix_path) discover
[0.612s] WARNING:colcon.colcon_ros.prefix_path.ament:The path '/home/giaggi/Desktop/ROS2-Dynamic-local-Planner/dp_ws/install/dynamic_planner' in the environment variable AMENT_PREFIX_PATH doesn't exist
[0.613s] WARNING:colcon.colcon_ros.prefix_path.catkin:The path '/home/giaggi/Desktop/ROS2-Dynamic-local-Planner/dp_ws/install/dynamic_planner' in the environment variable CMAKE_PREFIX_PATH doesn't exist
[0.614s] DEBUG:colcon.colcon_installed_package_information.package_discovery:Found 0 installed packages in /home/giaggi/Desktop/ROS2-Dynamic-local-Planner/dp_ws/install
[0.617s] DEBUG:colcon.colcon_installed_package_information.package_discovery:Found 389 installed packages in /opt/ros/humble
[0.620s] Level 1:colcon.colcon_core.package_discovery:discover_packages(prefix_path) using defaults
[0.756s] Level 5:colcon.colcon_core.verb:set package 'dynamic_planner' build argument 'cmake_args' from command line to 'None'
[0.756s] Level 5:colcon.colcon_core.verb:set package 'dynamic_planner' build argument 'cmake_target' from command line to 'None'
[0.756s] Level 5:colcon.colcon_core.verb:set package 'dynamic_planner' build argument 'cmake_target_skip_unavailable' from command line to 'False'
[0.756s] Level 5:colcon.colcon_core.verb:set package 'dynamic_planner' build argument 'cmake_clean_cache' from command line to 'False'
[0.756s] Level 5:colcon.colcon_core.verb:set package 'dynamic_planner' build argument 'cmake_clean_first' from command line to 'False'
[0.757s] Level 5:colcon.colcon_core.verb:set package 'dynamic_planner' build argument 'cmake_force_configure' from command line to 'False'
[0.757s] Level 5:colcon.colcon_core.verb:set package 'dynamic_planner' build argument 'ament_cmake_args' from command line to 'None'
[0.757s] Level 5:colcon.colcon_core.verb:set package 'dynamic_planner' build argument 'catkin_cmake_args' from command line to 'None'
[0.757s] Level 5:colcon.colcon_core.verb:set package 'dynamic_planner' build argument 'catkin_skip_building_tests' from command line to 'False'
[0.757s] DEBUG:colcon.colcon_core.verb:Building package 'dynamic_planner' with the following arguments: {'ament_cmake_args': None, 'build_base': '/home/giaggi/Desktop/ROS2-Dynamic-local-Planner/dp_ws/build/dynamic_planner', 'catkin_cmake_args': None, 'catkin_skip_building_tests': False, 'cmake_args': None, 'cmake_clean_cache': False, 'cmake_clean_first': False, 'cmake_force_configure': False, 'cmake_target': None, 'cmake_target_skip_unavailable': False, 'install_base': '/home/giaggi/Desktop/ROS2-Dynamic-local-Planner/dp_ws/install/dynamic_planner', 'merge_install': False, 'path': '/home/giaggi/Desktop/ROS2-Dynamic-local-Planner/dp_ws/src/dynamic_planner', 'symlink_install': True, 'test_result_base': None}
[0.757s] INFO:colcon.colcon_core.executor:Executing jobs using 'parallel' executor
[0.762s] DEBUG:colcon.colcon_parallel_executor.executor.parallel:run_until_complete
[0.763s] INFO:colcon.colcon_ros.task.ament_cmake.build:Building ROS package in '/home/giaggi/Desktop/ROS2-Dynamic-local-Planner/dp_ws/src/dynamic_planner' with build type 'ament_cmake'
[0.763s] INFO:colcon.colcon_cmake.task.cmake.build:Building CMake package in '/home/giaggi/Desktop/ROS2-Dynamic-local-Planner/dp_ws/src/dynamic_planner'
[0.771s] INFO:colcon.colcon_core.plugin_system:Skipping extension 'colcon_core.shell.bat': Not used on non-Windows systems
[0.771s] INFO:colcon.colcon_core.shell:Skip shell extension 'powershell' for command environment: Not usable outside of PowerShell
[0.772s] DEBUG:colcon.colcon_core.shell:Skip shell extension 'dsv' for command environment
[0.886s] DEBUG:colcon.colcon_core.event_handler.log_command:Invoking command in '/home/giaggi/Desktop/ROS2-Dynamic-local-Planner/dp_ws/build/dynamic_planner': CMAKE_PREFIX_PATH=${CMAKE_PREFIX_PATH}:/opt/ros/humble /usr/bin/cmake /home/giaggi/Desktop/ROS2-Dynamic-local-Planner/dp_ws/src/dynamic_planner -DAMENT_CMAKE_SYMLINK_INSTALL=1 -DCMAKE_INSTALL_PREFIX=/home/giaggi/Desktop/ROS2-Dynamic-local-Planner/dp_ws/install/dynamic_planner
[5.991s] DEBUG:colcon.colcon_core.event_handler.log_command:Invoked command in '/home/giaggi/Desktop/ROS2-Dynamic-local-Planner/dp_ws/build/dynamic_planner' returned '0': CMAKE_PREFIX_PATH=${CMAKE_PREFIX_PATH}:/opt/ros/humble /usr/bin/cmake /home/giaggi/Desktop/ROS2-Dynamic-local-Planner/dp_ws/src/dynamic_planner -DAMENT_CMAKE_SYMLINK_INSTALL=1 -DCMAKE_INSTALL_PREFIX=/home/giaggi/Desktop/ROS2-Dynamic-local-Planner/dp_ws/install/dynamic_planner
[5.992s] DEBUG:colcon.colcon_core.event_handler.log_command:Invoking command in '/home/giaggi/Desktop/ROS2-Dynamic-local-Planner/dp_ws/build/dynamic_planner': CMAKE_PREFIX_PATH=${CMAKE_PREFIX_PATH}:/opt/ros/humble /usr/bin/cmake --build /home/giaggi/Desktop/ROS2-Dynamic-local-Planner/dp_ws/build/dynamic_planner -- -j4 -l4
[58.844s] DEBUG:colcon.colcon_core.event_handler.log_command:Invoked command in '/home/giaggi/Desktop/ROS2-Dynamic-local-Planner/dp_ws/build/dynamic_planner' returned '0': CMAKE_PREFIX_PATH=${CMAKE_PREFIX_PATH}:/opt/ros/humble /usr/bin/cmake --build /home/giaggi/Desktop/ROS2-Dynamic-local-Planner/dp_ws/build/dynamic_planner -- -j4 -l4
[58.883s] DEBUG:colcon.colcon_core.event_handler.log_command:Invoking command in '/home/giaggi/Desktop/ROS2-Dynamic-local-Planner/dp_ws/build/dynamic_planner': CMAKE_PREFIX_PATH=${CMAKE_PREFIX_PATH}:/opt/ros/humble /usr/bin/cmake --install /home/giaggi/Desktop/ROS2-Dynamic-local-Planner/dp_ws/build/dynamic_planner
[59.496s] Level 1:colcon.colcon_core.environment:create_environment_scripts_only(dynamic_planner)
[59.507s] DEBUG:colcon.colcon_core.event_handler.log_command:Invoked command in '/home/giaggi/Desktop/ROS2-Dynamic-local-Planner/dp_ws/build/dynamic_planner' returned '0': CMAKE_PREFIX_PATH=${CMAKE_PREFIX_PATH}:/opt/ros/humble /usr/bin/cmake --install /home/giaggi/Desktop/ROS2-Dynamic-local-Planner/dp_ws/build/dynamic_planner
[59.533s] Level 1:colcon.colcon_core.environment:checking '/home/giaggi/Desktop/ROS2-Dynamic-local-Planner/dp_ws/install/dynamic_planner' for CMake module files
[59.535s] Level 1:colcon.colcon_core.environment:checking '/home/giaggi/Desktop/ROS2-Dynamic-local-Planner/dp_ws/install/dynamic_planner' for CMake config files
[59.536s] Level 1:colcon.colcon_core.shell:create_environment_hook('dynamic_planner', 'cmake_prefix_path')
[59.537s] INFO:colcon.colcon_core.shell:Creating environment hook '/home/giaggi/Desktop/ROS2-Dynamic-local-Planner/dp_ws/install/dynamic_planner/share/dynamic_planner/hook/cmake_prefix_path.ps1'
[59.539s] INFO:colcon.colcon_core.shell:Creating environment descriptor '/home/giaggi/Desktop/ROS2-Dynamic-local-Planner/dp_ws/install/dynamic_planner/share/dynamic_planner/hook/cmake_prefix_path.dsv'
[59.540s] INFO:colcon.colcon_core.shell:Creating environment hook '/home/giaggi/Desktop/ROS2-Dynamic-local-Planner/dp_ws/install/dynamic_planner/share/dynamic_planner/hook/cmake_prefix_path.sh'
[59.542s] Level 1:colcon.colcon_core.environment:checking '/home/giaggi/Desktop/ROS2-Dynamic-local-Planner/dp_ws/install/dynamic_planner/lib'
[59.542s] Level 1:colcon.colcon_core.environment:checking '/home/giaggi/Desktop/ROS2-Dynamic-local-Planner/dp_ws/install/dynamic_planner/bin'
[59.542s] Level 1:colcon.colcon_core.environment:checking '/home/giaggi/Desktop/ROS2-Dynamic-local-Planner/dp_ws/install/dynamic_planner/lib/pkgconfig/dynamic_planner.pc'
[59.543s] Level 1:colcon.colcon_core.environment:checking '/home/giaggi/Desktop/ROS2-Dynamic-local-Planner/dp_ws/install/dynamic_planner/lib/python3.10/site-packages'
[59.543s] Level 1:colcon.colcon_core.environment:checking '/home/giaggi/Desktop/ROS2-Dynamic-local-Planner/dp_ws/install/dynamic_planner/bin'
[59.544s] INFO:colcon.colcon_core.shell:Creating package script '/home/giaggi/Desktop/ROS2-Dynamic-local-Planner/dp_ws/install/dynamic_planner/share/dynamic_planner/package.ps1'
[59.545s] INFO:colcon.colcon_core.shell:Creating package descriptor '/home/giaggi/Desktop/ROS2-Dynamic-local-Planner/dp_ws/install/dynamic_planner/share/dynamic_planner/package.dsv'
[59.546s] INFO:colcon.colcon_core.shell:Creating package script '/home/giaggi/Desktop/ROS2-Dynamic-local-Planner/dp_ws/install/dynamic_planner/share/dynamic_planner/package.sh'
[59.547s] INFO:colcon.colcon_core.shell:Creating package script '/home/giaggi/Desktop/ROS2-Dynamic-local-Planner/dp_ws/install/dynamic_planner/share/dynamic_planner/package.bash'
[59.548s] INFO:colcon.colcon_core.shell:Creating package script '/home/giaggi/Desktop/ROS2-Dynamic-local-Planner/dp_ws/install/dynamic_planner/share/dynamic_planner/package.zsh'
[59.549s] Level 1:colcon.colcon_core.environment:create_file_with_runtime_dependencies(/home/giaggi/Desktop/ROS2-Dynamic-local-Planner/dp_ws/install/dynamic_planner/share/colcon-core/packages/dynamic_planner)
[59.550s] Level 1:colcon.colcon_core.environment:create_environment_scripts_only(dynamic_planner)
[59.550s] Level 1:colcon.colcon_core.environment:checking '/home/giaggi/Desktop/ROS2-Dynamic-local-Planner/dp_ws/install/dynamic_planner' for CMake module files
[59.551s] Level 1:colcon.colcon_core.environment:checking '/home/giaggi/Desktop/ROS2-Dynamic-local-Planner/dp_ws/install/dynamic_planner' for CMake config files
[59.551s] Level 1:colcon.colcon_core.shell:create_environment_hook('dynamic_planner', 'cmake_prefix_path')
[59.551s] INFO:colcon.colcon_core.shell:Creating environment hook '/home/giaggi/Desktop/ROS2-Dynamic-local-Planner/dp_ws/install/dynamic_planner/share/dynamic_planner/hook/cmake_prefix_path.ps1'
[59.552s] INFO:colcon.colcon_core.shell:Creating environment descriptor '/home/giaggi/Desktop/ROS2-Dynamic-local-Planner/dp_ws/install/dynamic_planner/share/dynamic_planner/hook/cmake_prefix_path.dsv'
[59.553s] INFO:colcon.colcon_core.shell:Creating environment hook '/home/giaggi/Desktop/ROS2-Dynamic-local-Planner/dp_ws/install/dynamic_planner/share/dynamic_planner/hook/cmake_prefix_path.sh'
[59.554s] Level 1:colcon.colcon_core.environment:checking '/home/giaggi/Desktop/ROS2-Dynamic-local-Planner/dp_ws/install/dynamic_planner/lib'
[59.554s] Level 1:colcon.colcon_core.environment:checking '/home/giaggi/Desktop/ROS2-Dynamic-local-Planner/dp_ws/install/dynamic_planner/bin'
[59.554s] Level 1:colcon.colcon_core.environment:checking '/home/giaggi/Desktop/ROS2-Dynamic-local-Planner/dp_ws/install/dynamic_planner/lib/pkgconfig/dynamic_planner.pc'
[59.554s] Level 1:colcon.colcon_core.environment:checking '/home/giaggi/Desktop/ROS2-Dynamic-local-Planner/dp_ws/install/dynamic_planner/lib/python3.10/site-packages'
[59.554s] Level 1:colcon.colcon_core.environment:checking '/home/giaggi/Desktop/ROS2-Dynamic-local-Planner/dp_ws/install/dynamic_planner/bin'
[59.555s] INFO:colcon.colcon_core.shell:Creating package script '/home/giaggi/Desktop/ROS2-Dynamic-local-Planner/dp_ws/install/dynamic_planner/share/dynamic_planner/package.ps1'
[59.555s] INFO:colcon.colcon_core.shell:Creating package descriptor '/home/giaggi/Desktop/ROS2-Dynamic-local-Planner/dp_ws/install/dynamic_planner/share/dynamic_planner/package.dsv'
[59.556s] INFO:colcon.colcon_core.shell:Creating package script '/home/giaggi/Desktop/ROS2-Dynamic-local-Planner/dp_ws/install/dynamic_planner/share/dynamic_planner/package.sh'
[59.557s] INFO:colcon.colcon_core.shell:Creating package script '/home/giaggi/Desktop/ROS2-Dynamic-local-Planner/dp_ws/install/dynamic_planner/share/dynamic_planner/package.bash'
[59.558s] INFO:colcon.colcon_core.shell:Creating package script '/home/giaggi/Desktop/ROS2-Dynamic-local-Planner/dp_ws/install/dynamic_planner/share/dynamic_planner/package.zsh'
[59.558s] Level 1:colcon.colcon_core.environment:create_file_with_runtime_dependencies(/home/giaggi/Desktop/ROS2-Dynamic-local-Planner/dp_ws/install/dynamic_planner/share/colcon-core/packages/dynamic_planner)
[59.559s] DEBUG:colcon.colcon_parallel_executor.executor.parallel:closing loop
[59.559s] DEBUG:colcon.colcon_parallel_executor.executor.parallel:loop closed
[59.563s] DEBUG:colcon.colcon_parallel_executor.executor.parallel:run_until_complete finished with '0'
[59.564s] DEBUG:colcon.colcon_core.event_reactor:joining thread
[59.631s] INFO:colcon.colcon_core.plugin_system:Skipping extension 'colcon_notification.desktop_notification.terminal_notifier': Not used on non-Darwin systems
[59.631s] INFO:colcon.colcon_core.plugin_system:Skipping extension 'colcon_notification.desktop_notification.win32': Not used on non-Windows systems
[59.632s] INFO:colcon.colcon_notification.desktop_notification:Sending desktop notification using 'notify2'
[59.836s] DEBUG:colcon.colcon_core.event_reactor:joined thread
[59.837s] INFO:colcon.colcon_core.shell:Creating prefix script '/home/giaggi/Desktop/ROS2-Dynamic-local-Planner/dp_ws/install/local_setup.ps1'
[59.857s] INFO:colcon.colcon_core.shell:Creating prefix util module '/home/giaggi/Desktop/ROS2-Dynamic-local-Planner/dp_ws/install/_local_setup_util_ps1.py'
[59.860s] INFO:colcon.colcon_core.shell:Creating prefix chain script '/home/giaggi/Desktop/ROS2-Dynamic-local-Planner/dp_ws/install/setup.ps1'
[59.863s] INFO:colcon.colcon_core.shell:Creating prefix script '/home/giaggi/Desktop/ROS2-Dynamic-local-Planner/dp_ws/install/local_setup.sh'
[59.865s] INFO:colcon.colcon_core.shell:Creating prefix util module '/home/giaggi/Desktop/ROS2-Dynamic-local-Planner/dp_ws/install/_local_setup_util_sh.py'
[59.867s] INFO:colcon.colcon_core.shell:Creating prefix chain script '/home/giaggi/Desktop/ROS2-Dynamic-local-Planner/dp_ws/install/setup.sh'
[59.869s] INFO:colcon.colcon_core.shell:Creating prefix script '/home/giaggi/Desktop/ROS2-Dynamic-local-Planner/dp_ws/install/local_setup.bash'
[59.894s] INFO:colcon.colcon_core.shell:Creating prefix chain script '/home/giaggi/Desktop/ROS2-Dynamic-local-Planner/dp_ws/install/setup.bash'
[59.899s] INFO:colcon.colcon_core.shell:Creating prefix script '/home/giaggi/Desktop/ROS2-Dynamic-local-Planner/dp_ws/install/local_setup.zsh'
[59.901s] INFO:colcon.colcon_core.shell:Creating prefix chain script '/home/giaggi/Desktop/ROS2-Dynamic-local-Planner/dp_ws/install/setup.zsh'
