[0.020s] Invoking command in '/home/giaggi/Desktop/ROS2-Dynamic-local-Planner/dp_ws/build/dynamic_planner': CMAKE_PREFIX_PATH=/opt/ros/humble /usr/bin/cmake --build /home/giaggi/Desktop/ROS2-Dynamic-local-Planner/dp_ws/build/dynamic_planner -- -j4 -l4
[0.050s] -- Found ament_cmake: 1.3.11 (/opt/ros/humble/share/ament_cmake/cmake)
[0.166s] -- Override CMake install command with custom implementation using symlinks instead of copying resources
[0.174s] -- Found rclcpp: 16.0.11 (/opt/ros/humble/share/rclcpp/cmake)
[0.292s] -- Found rosidl_generator_c: 3.1.6 (/opt/ros/humble/share/rosidl_generator_c/cmake)
[0.293s] -- Found rosidl_adapter: 3.1.6 (/opt/ros/humble/share/rosidl_adapter/cmake)
[0.293s] -- Found rosidl_generator_cpp: 3.1.6 (/opt/ros/humble/share/rosidl_generator_cpp/cmake)
[0.293s] -- Using all available rosidl_typesupport_c: rosidl_typesupport_fastrtps_c;rosidl_typesupport_introspection_c
[0.293s] -- Using all available rosidl_typesupport_cpp: rosidl_typesupport_fastrtps_cpp;rosidl_typesupport_introspection_cpp
[0.294s] -- Found rmw_implementation_cmake: 6.1.2 (/opt/ros/humble/share/rmw_implementation_cmake/cmake)
[0.294s] -- Found rmw_fastrtps_cpp: 6.2.7 (/opt/ros/humble/share/rmw_fastrtps_cpp/cmake)
[0.363s] -- Using RMW implementation 'rmw_fastrtps_cpp' as default
[0.399s] -- Found sensor_msgs: 4.2.4 (/opt/ros/humble/share/sensor_msgs/cmake)
[0.422s] -- Found nav_msgs: 4.2.4 (/opt/ros/humble/share/nav_msgs/cmake)
[0.434s] -- Found tf2_ros: 0.25.12 (/opt/ros/humble/share/tf2_ros/cmake)
[0.496s] -- Found ament_lint_auto: 0.12.11 (/opt/ros/humble/share/ament_lint_auto/cmake)
[0.574s] -- Added test 'cppcheck' to perform static code analysis on C / C++ code
[0.574s] -- Configured cppcheck include dirs: 
[0.574s] -- Configured cppcheck exclude dirs and/or files: 
[0.574s] -- Added test 'lint_cmake' to check CMake code style
[0.575s] -- Added test 'uncrustify' to check C / C++ code style
[0.575s] -- Configured uncrustify additional arguments: 
[0.576s] -- Added test 'xmllint' to check XML markup files
[0.577s] -- Configuring done
[0.600s] -- Generating done
[0.612s] -- Build files have been written to: /home/giaggi/Desktop/ROS2-Dynamic-local-Planner/dp_ws/build/dynamic_planner
[0.648s] [35m[1mConsolidate compiler generated dependencies of target dp_node[0m
[0.673s] [ 25%] [32mBuilding CXX object CMakeFiles/tf_broadcaster.dir/tf_broadcaster/tf_broadcaster.cpp.o[0m
[0.679s] [ 75%] Built target dp_node
[5.661s] [100%] [32m[1mLinking CXX executable tf_broadcaster[0m
[5.968s] [100%] Built target tf_broadcaster
[5.988s] Invoked command in '/home/giaggi/Desktop/ROS2-Dynamic-local-Planner/dp_ws/build/dynamic_planner' returned '0': CMAKE_PREFIX_PATH=/opt/ros/humble /usr/bin/cmake --build /home/giaggi/Desktop/ROS2-Dynamic-local-Planner/dp_ws/build/dynamic_planner -- -j4 -l4
[6.000s] Invoking command in '/home/giaggi/Desktop/ROS2-Dynamic-local-Planner/dp_ws/build/dynamic_planner': CMAKE_PREFIX_PATH=/opt/ros/humble /usr/bin/cmake --install /home/giaggi/Desktop/ROS2-Dynamic-local-Planner/dp_ws/build/dynamic_planner
[6.009s] -- Install configuration: "Debug"
[6.009s] -- Execute custom install script
[6.010s] -- Up-to-date symlink: /home/giaggi/Desktop/ROS2-Dynamic-local-Planner/dp_ws/install/dynamic_planner/lib/dynamic_planner/dp_node
[6.010s] -- Symlinking: /home/giaggi/Desktop/ROS2-Dynamic-local-Planner/dp_ws/install/dynamic_planner/lib/dynamic_planner/tf_broadcaster
[6.021s] -- Up-to-date symlink: /home/giaggi/Desktop/ROS2-Dynamic-local-Planner/dp_ws/install/dynamic_planner/share/ament_index/resource_index/package_run_dependencies/dynamic_planner
[6.021s] -- Up-to-date symlink: /home/giaggi/Desktop/ROS2-Dynamic-local-Planner/dp_ws/install/dynamic_planner/share/ament_index/resource_index/parent_prefix_path/dynamic_planner
[6.022s] -- Up-to-date symlink: /home/giaggi/Desktop/ROS2-Dynamic-local-Planner/dp_ws/install/dynamic_planner/share/dynamic_planner/environment/ament_prefix_path.sh
[6.022s] -- Up-to-date symlink: /home/giaggi/Desktop/ROS2-Dynamic-local-Planner/dp_ws/install/dynamic_planner/share/dynamic_planner/environment/ament_prefix_path.dsv
[6.022s] -- Up-to-date symlink: /home/giaggi/Desktop/ROS2-Dynamic-local-Planner/dp_ws/install/dynamic_planner/share/dynamic_planner/environment/path.sh
[6.022s] -- Up-to-date symlink: /home/giaggi/Desktop/ROS2-Dynamic-local-Planner/dp_ws/install/dynamic_planner/share/dynamic_planner/environment/path.dsv
[6.023s] -- Up-to-date symlink: /home/giaggi/Desktop/ROS2-Dynamic-local-Planner/dp_ws/install/dynamic_planner/share/dynamic_planner/local_setup.bash
[6.023s] -- Up-to-date symlink: /home/giaggi/Desktop/ROS2-Dynamic-local-Planner/dp_ws/install/dynamic_planner/share/dynamic_planner/local_setup.sh
[6.023s] -- Up-to-date symlink: /home/giaggi/Desktop/ROS2-Dynamic-local-Planner/dp_ws/install/dynamic_planner/share/dynamic_planner/local_setup.zsh
[6.023s] -- Up-to-date symlink: /home/giaggi/Desktop/ROS2-Dynamic-local-Planner/dp_ws/install/dynamic_planner/share/dynamic_planner/local_setup.dsv
[6.023s] -- Symlinking: /home/giaggi/Desktop/ROS2-Dynamic-local-Planner/dp_ws/install/dynamic_planner/share/dynamic_planner/package.dsv
[6.065s] -- Up-to-date symlink: /home/giaggi/Desktop/ROS2-Dynamic-local-Planner/dp_ws/install/dynamic_planner/share/ament_index/resource_index/packages/dynamic_planner
[6.065s] -- Up-to-date symlink: /home/giaggi/Desktop/ROS2-Dynamic-local-Planner/dp_ws/install/dynamic_planner/share/dynamic_planner/cmake/dynamic_plannerConfig.cmake
[6.065s] -- Up-to-date symlink: /home/giaggi/Desktop/ROS2-Dynamic-local-Planner/dp_ws/install/dynamic_planner/share/dynamic_planner/cmake/dynamic_plannerConfig-version.cmake
[6.069s] -- Up-to-date symlink: /home/giaggi/Desktop/ROS2-Dynamic-local-Planner/dp_ws/install/dynamic_planner/share/dynamic_planner/package.xml
[6.070s] Invoked command in '/home/giaggi/Desktop/ROS2-Dynamic-local-Planner/dp_ws/build/dynamic_planner' returned '0': CMAKE_PREFIX_PATH=/opt/ros/humble /usr/bin/cmake --install /home/giaggi/Desktop/ROS2-Dynamic-local-Planner/dp_ws/build/dynamic_planner
