[0.273s] DEBUG:colcon:Command line arguments: ['/usr/bin/colcon', 'build', '--symlink-install', '--cmake-args', '-DCMAKE_BUILD_TYPE=Debug']
[0.274s] DEBUG:colcon:Parsed command line arguments: Namespace(log_base=None, log_level=None, verb_name='build', build_base='build', install_base='install', merge_install=False, symlink_install=True, test_result_base=None, continue_on_error=False, executor='parallel', parallel_workers=4, event_handlers=None, ignore_user_meta=False, metas=['./colcon.meta'], base_paths=['.'], packages_ignore=None, packages_ignore_regex=None, paths=None, packages_up_to=None, packages_up_to_regex=None, packages_above=None, packages_above_and_dependencies=None, packages_above_depth=None, packages_select_by_dep=None, packages_skip_by_dep=None, packages_skip_up_to=None, packages_select_build_failed=False, packages_skip_build_finished=False, packages_select_test_failures=False, packages_skip_test_passed=False, packages_select=None, packages_skip=None, packages_select_regex=None, packages_skip_regex=None, packages_start=None, packages_end=None, allow_overriding=[], cmake_args=['-DCMAKE_BUILD_TYPE=Debug'], cmake_target=None, cmake_target_skip_unavailable=False, cmake_clean_cache=False, cmake_clean_first=False, cmake_force_configure=False, ament_cmake_args=None, catkin_cmake_args=None, catkin_skip_building_tests=False, verb_parser=<colcon_defaults.argument_parser.defaults.DefaultArgumentsDecorator object at 0x73a8bc8f6590>, verb_extension=<colcon_core.verb.build.BuildVerb object at 0x73a8bc8f6080>, main=<bound method BuildVerb.main of <colcon_core.verb.build.BuildVerb object at 0x73a8bc8f6080>>)
[0.740s] Level 1:colcon.colcon_core.package_discovery:discover_packages(colcon_meta) check parameters
[0.740s] Level 1:colcon.colcon_core.package_discovery:discover_packages(recursive) check parameters
[0.740s] Level 1:colcon.colcon_core.package_discovery:discover_packages(ignore) check parameters
[0.740s] Level 1:colcon.colcon_core.package_discovery:discover_packages(path) check parameters
[0.740s] Level 1:colcon.colcon_core.package_discovery:discover_packages(colcon_meta) discover
[0.740s] Level 1:colcon.colcon_core.package_discovery:discover_packages(recursive) discover
[0.741s] INFO:colcon.colcon_core.package_discovery:Crawling recursively for packages in '/home/giaggi/Desktop/ROS2-Dynamic-local-Planner/dp_ws'
[0.741s] Level 1:colcon.colcon_core.package_identification:_identify(.) by extensions ['ignore', 'ignore_ament_install']
[0.741s] Level 1:colcon.colcon_core.package_identification:_identify(.) by extension 'ignore'
[0.741s] Level 1:colcon.colcon_core.package_identification:_identify(.) by extension 'ignore_ament_install'
[0.741s] Level 1:colcon.colcon_core.package_identification:_identify(.) by extensions ['colcon_pkg']
[0.741s] Level 1:colcon.colcon_core.package_identification:_identify(.) by extension 'colcon_pkg'
[0.741s] Level 1:colcon.colcon_core.package_identification:_identify(.) by extensions ['colcon_meta']
[0.741s] Level 1:colcon.colcon_core.package_identification:_identify(.) by extension 'colcon_meta'
[0.741s] Level 1:colcon.colcon_core.package_identification:_identify(.) by extensions ['ros']
[0.741s] Level 1:colcon.colcon_core.package_identification:_identify(.) by extension 'ros'
[0.751s] Level 1:colcon.colcon_core.package_identification:_identify(.) by extensions ['cmake', 'python']
[0.752s] Level 1:colcon.colcon_core.package_identification:_identify(.) by extension 'cmake'
[0.752s] Level 1:colcon.colcon_core.package_identification:_identify(.) by extension 'python'
[0.752s] Level 1:colcon.colcon_core.package_identification:_identify(.) by extensions ['python_setup_py']
[0.752s] Level 1:colcon.colcon_core.package_identification:_identify(.) by extension 'python_setup_py'
[0.752s] Level 1:colcon.colcon_core.package_identification:_identify(build) by extensions ['ignore', 'ignore_ament_install']
[0.752s] Level 1:colcon.colcon_core.package_identification:_identify(build) by extension 'ignore'
[0.752s] Level 1:colcon.colcon_core.package_identification:_identify(build) ignored
[0.752s] Level 1:colcon.colcon_core.package_identification:_identify(install) by extensions ['ignore', 'ignore_ament_install']
[0.753s] Level 1:colcon.colcon_core.package_identification:_identify(install) by extension 'ignore'
[0.753s] Level 1:colcon.colcon_core.package_identification:_identify(install) ignored
[0.753s] Level 1:colcon.colcon_core.package_identification:_identify(log) by extensions ['ignore', 'ignore_ament_install']
[0.753s] Level 1:colcon.colcon_core.package_identification:_identify(log) by extension 'ignore'
[0.753s] Level 1:colcon.colcon_core.package_identification:_identify(log) ignored
[0.753s] Level 1:colcon.colcon_core.package_identification:_identify(src) by extensions ['ignore', 'ignore_ament_install']
[0.753s] Level 1:colcon.colcon_core.package_identification:_identify(src) by extension 'ignore'
[0.753s] Level 1:colcon.colcon_core.package_identification:_identify(src) by extension 'ignore_ament_install'
[0.753s] Level 1:colcon.colcon_core.package_identification:_identify(src) by extensions ['colcon_pkg']
[0.753s] Level 1:colcon.colcon_core.package_identification:_identify(src) by extension 'colcon_pkg'
[0.753s] Level 1:colcon.colcon_core.package_identification:_identify(src) by extensions ['colcon_meta']
[0.753s] Level 1:colcon.colcon_core.package_identification:_identify(src) by extension 'colcon_meta'
[0.753s] Level 1:colcon.colcon_core.package_identification:_identify(src) by extensions ['ros']
[0.753s] Level 1:colcon.colcon_core.package_identification:_identify(src) by extension 'ros'
[0.753s] Level 1:colcon.colcon_core.package_identification:_identify(src) by extensions ['cmake', 'python']
[0.753s] Level 1:colcon.colcon_core.package_identification:_identify(src) by extension 'cmake'
[0.753s] Level 1:colcon.colcon_core.package_identification:_identify(src) by extension 'python'
[0.753s] Level 1:colcon.colcon_core.package_identification:_identify(src) by extensions ['python_setup_py']
[0.753s] Level 1:colcon.colcon_core.package_identification:_identify(src) by extension 'python_setup_py'
[0.754s] Level 1:colcon.colcon_core.package_identification:_identify(src/dynamic_planner) by extensions ['ignore', 'ignore_ament_install']
[0.754s] Level 1:colcon.colcon_core.package_identification:_identify(src/dynamic_planner) by extension 'ignore'
[0.754s] Level 1:colcon.colcon_core.package_identification:_identify(src/dynamic_planner) by extension 'ignore_ament_install'
[0.754s] Level 1:colcon.colcon_core.package_identification:_identify(src/dynamic_planner) by extensions ['colcon_pkg']
[0.754s] Level 1:colcon.colcon_core.package_identification:_identify(src/dynamic_planner) by extension 'colcon_pkg'
[0.754s] Level 1:colcon.colcon_core.package_identification:_identify(src/dynamic_planner) by extensions ['colcon_meta']
[0.754s] Level 1:colcon.colcon_core.package_identification:_identify(src/dynamic_planner) by extension 'colcon_meta'
[0.754s] Level 1:colcon.colcon_core.package_identification:_identify(src/dynamic_planner) by extensions ['ros']
[0.754s] Level 1:colcon.colcon_core.package_identification:_identify(src/dynamic_planner) by extension 'ros'
[0.757s] DEBUG:colcon.colcon_core.package_identification:Package 'src/dynamic_planner' with type 'ros.ament_cmake' and name 'dynamic_planner'
[0.758s] Level 1:colcon.colcon_core.package_discovery:discover_packages(recursive) using defaults
[0.758s] Level 1:colcon.colcon_core.package_discovery:discover_packages(ignore) discover
[0.758s] Level 1:colcon.colcon_core.package_discovery:discover_packages(ignore) using defaults
[0.758s] Level 1:colcon.colcon_core.package_discovery:discover_packages(path) discover
[0.758s] Level 1:colcon.colcon_core.package_discovery:discover_packages(path) using defaults
[0.787s] Level 1:colcon.colcon_core.package_discovery:discover_packages(prefix_path) check parameters
[0.787s] Level 1:colcon.colcon_core.package_discovery:discover_packages(prefix_path) discover
[0.794s] DEBUG:colcon.colcon_installed_package_information.package_discovery:Found 1 installed packages in /home/giaggi/Desktop/ROS2-Dynamic-local-Planner/dp_ws/install
[0.795s] DEBUG:colcon.colcon_installed_package_information.package_discovery:Found 271 installed packages in /opt/ros/humble
[0.796s] Level 1:colcon.colcon_core.package_discovery:discover_packages(prefix_path) using defaults
[0.845s] Level 5:colcon.colcon_core.verb:set package 'dynamic_planner' build argument 'cmake_args' from command line to '['-DCMAKE_BUILD_TYPE=Debug']'
[0.845s] Level 5:colcon.colcon_core.verb:set package 'dynamic_planner' build argument 'cmake_target' from command line to 'None'
[0.845s] Level 5:colcon.colcon_core.verb:set package 'dynamic_planner' build argument 'cmake_target_skip_unavailable' from command line to 'False'
[0.845s] Level 5:colcon.colcon_core.verb:set package 'dynamic_planner' build argument 'cmake_clean_cache' from command line to 'False'
[0.845s] Level 5:colcon.colcon_core.verb:set package 'dynamic_planner' build argument 'cmake_clean_first' from command line to 'False'
[0.845s] Level 5:colcon.colcon_core.verb:set package 'dynamic_planner' build argument 'cmake_force_configure' from command line to 'False'
[0.845s] Level 5:colcon.colcon_core.verb:set package 'dynamic_planner' build argument 'ament_cmake_args' from command line to 'None'
[0.845s] Level 5:colcon.colcon_core.verb:set package 'dynamic_planner' build argument 'catkin_cmake_args' from command line to 'None'
[0.845s] Level 5:colcon.colcon_core.verb:set package 'dynamic_planner' build argument 'catkin_skip_building_tests' from command line to 'False'
[0.845s] DEBUG:colcon.colcon_core.verb:Building package 'dynamic_planner' with the following arguments: {'ament_cmake_args': None, 'build_base': '/home/giaggi/Desktop/ROS2-Dynamic-local-Planner/dp_ws/build/dynamic_planner', 'catkin_cmake_args': None, 'catkin_skip_building_tests': False, 'cmake_args': ['-DCMAKE_BUILD_TYPE=Debug'], 'cmake_clean_cache': False, 'cmake_clean_first': False, 'cmake_force_configure': False, 'cmake_target': None, 'cmake_target_skip_unavailable': False, 'install_base': '/home/giaggi/Desktop/ROS2-Dynamic-local-Planner/dp_ws/install/dynamic_planner', 'merge_install': False, 'path': '/home/giaggi/Desktop/ROS2-Dynamic-local-Planner/dp_ws/src/dynamic_planner', 'symlink_install': True, 'test_result_base': None}
[0.846s] INFO:colcon.colcon_core.executor:Executing jobs using 'parallel' executor
[0.848s] DEBUG:colcon.colcon_parallel_executor.executor.parallel:run_until_complete
[0.848s] INFO:colcon.colcon_ros.task.ament_cmake.build:Building ROS package in '/home/giaggi/Desktop/ROS2-Dynamic-local-Planner/dp_ws/src/dynamic_planner' with build type 'ament_cmake'
[0.848s] INFO:colcon.colcon_cmake.task.cmake.build:Building CMake package in '/home/giaggi/Desktop/ROS2-Dynamic-local-Planner/dp_ws/src/dynamic_planner'
[0.857s] INFO:colcon.colcon_core.plugin_system:Skipping extension 'colcon_core.shell.bat': Not used on non-Windows systems
[0.857s] INFO:colcon.colcon_core.shell:Skip shell extension 'powershell' for command environment: Not usable outside of PowerShell
[0.857s] DEBUG:colcon.colcon_core.shell:Skip shell extension 'dsv' for command environment
[0.871s] DEBUG:colcon.colcon_core.event_handler.log_command:Invoking command in '/home/giaggi/Desktop/ROS2-Dynamic-local-Planner/dp_ws/build/dynamic_planner': CMAKE_PREFIX_PATH=${CMAKE_PREFIX_PATH}:/opt/ros/humble /usr/bin/cmake /home/giaggi/Desktop/ROS2-Dynamic-local-Planner/dp_ws/src/dynamic_planner -DCMAKE_BUILD_TYPE=Debug -DAMENT_CMAKE_SYMLINK_INSTALL=1 -DCMAKE_INSTALL_PREFIX=/home/giaggi/Desktop/ROS2-Dynamic-local-Planner/dp_ws/install/dynamic_planner
[2.118s] DEBUG:colcon.colcon_core.event_handler.log_command:Invoked command in '/home/giaggi/Desktop/ROS2-Dynamic-local-Planner/dp_ws/build/dynamic_planner' returned '0': CMAKE_PREFIX_PATH=${CMAKE_PREFIX_PATH}:/opt/ros/humble /usr/bin/cmake /home/giaggi/Desktop/ROS2-Dynamic-local-Planner/dp_ws/src/dynamic_planner -DCMAKE_BUILD_TYPE=Debug -DAMENT_CMAKE_SYMLINK_INSTALL=1 -DCMAKE_INSTALL_PREFIX=/home/giaggi/Desktop/ROS2-Dynamic-local-Planner/dp_ws/install/dynamic_planner
[2.120s] DEBUG:colcon.colcon_core.event_handler.log_command:Invoking command in '/home/giaggi/Desktop/ROS2-Dynamic-local-Planner/dp_ws/build/dynamic_planner': CMAKE_PREFIX_PATH=${CMAKE_PREFIX_PATH}:/opt/ros/humble /usr/bin/cmake --build /home/giaggi/Desktop/ROS2-Dynamic-local-Planner/dp_ws/build/dynamic_planner -- -j4 -l4
[22.949s] DEBUG:colcon.colcon_core.event_handler.log_command:Invoked command in '/home/giaggi/Desktop/ROS2-Dynamic-local-Planner/dp_ws/build/dynamic_planner' returned '0': CMAKE_PREFIX_PATH=${CMAKE_PREFIX_PATH}:/opt/ros/humble /usr/bin/cmake --build /home/giaggi/Desktop/ROS2-Dynamic-local-Planner/dp_ws/build/dynamic_planner -- -j4 -l4
[22.966s] DEBUG:colcon.colcon_core.event_handler.log_command:Invoking command in '/home/giaggi/Desktop/ROS2-Dynamic-local-Planner/dp_ws/build/dynamic_planner': CMAKE_PREFIX_PATH=${CMAKE_PREFIX_PATH}:/opt/ros/humble /usr/bin/cmake --install /home/giaggi/Desktop/ROS2-Dynamic-local-Planner/dp_ws/build/dynamic_planner
[23.229s] Level 1:colcon.colcon_core.environment:create_environment_scripts_only(dynamic_planner)
[23.230s] DEBUG:colcon.colcon_core.event_handler.log_command:Invoked command in '/home/giaggi/Desktop/ROS2-Dynamic-local-Planner/dp_ws/build/dynamic_planner' returned '0': CMAKE_PREFIX_PATH=${CMAKE_PREFIX_PATH}:/opt/ros/humble /usr/bin/cmake --install /home/giaggi/Desktop/ROS2-Dynamic-local-Planner/dp_ws/build/dynamic_planner
[23.232s] Level 1:colcon.colcon_core.environment:checking '/home/giaggi/Desktop/ROS2-Dynamic-local-Planner/dp_ws/install/dynamic_planner' for CMake module files
[23.233s] Level 1:colcon.colcon_core.environment:checking '/home/giaggi/Desktop/ROS2-Dynamic-local-Planner/dp_ws/install/dynamic_planner' for CMake config files
[23.233s] Level 1:colcon.colcon_core.shell:create_environment_hook('dynamic_planner', 'cmake_prefix_path')
[23.233s] INFO:colcon.colcon_core.shell:Creating environment hook '/home/giaggi/Desktop/ROS2-Dynamic-local-Planner/dp_ws/install/dynamic_planner/share/dynamic_planner/hook/cmake_prefix_path.ps1'
[23.234s] INFO:colcon.colcon_core.shell:Creating environment descriptor '/home/giaggi/Desktop/ROS2-Dynamic-local-Planner/dp_ws/install/dynamic_planner/share/dynamic_planner/hook/cmake_prefix_path.dsv'
[23.235s] INFO:colcon.colcon_core.shell:Creating environment hook '/home/giaggi/Desktop/ROS2-Dynamic-local-Planner/dp_ws/install/dynamic_planner/share/dynamic_planner/hook/cmake_prefix_path.sh'
[23.237s] Level 1:colcon.colcon_core.environment:checking '/home/giaggi/Desktop/ROS2-Dynamic-local-Planner/dp_ws/install/dynamic_planner/lib'
[23.237s] Level 1:colcon.colcon_core.environment:checking '/home/giaggi/Desktop/ROS2-Dynamic-local-Planner/dp_ws/install/dynamic_planner/bin'
[23.237s] Level 1:colcon.colcon_core.environment:checking '/home/giaggi/Desktop/ROS2-Dynamic-local-Planner/dp_ws/install/dynamic_planner/lib/pkgconfig/dynamic_planner.pc'
[23.238s] Level 1:colcon.colcon_core.environment:checking '/home/giaggi/Desktop/ROS2-Dynamic-local-Planner/dp_ws/install/dynamic_planner/lib/python3.10/site-packages'
[23.238s] Level 1:colcon.colcon_core.environment:checking '/home/giaggi/Desktop/ROS2-Dynamic-local-Planner/dp_ws/install/dynamic_planner/bin'
[23.239s] INFO:colcon.colcon_core.shell:Creating package script '/home/giaggi/Desktop/ROS2-Dynamic-local-Planner/dp_ws/install/dynamic_planner/share/dynamic_planner/package.ps1'
[23.240s] INFO:colcon.colcon_core.shell:Creating package descriptor '/home/giaggi/Desktop/ROS2-Dynamic-local-Planner/dp_ws/install/dynamic_planner/share/dynamic_planner/package.dsv'
[23.241s] INFO:colcon.colcon_core.shell:Creating package script '/home/giaggi/Desktop/ROS2-Dynamic-local-Planner/dp_ws/install/dynamic_planner/share/dynamic_planner/package.sh'
[23.241s] INFO:colcon.colcon_core.shell:Creating package script '/home/giaggi/Desktop/ROS2-Dynamic-local-Planner/dp_ws/install/dynamic_planner/share/dynamic_planner/package.bash'
[23.243s] INFO:colcon.colcon_core.shell:Creating package script '/home/giaggi/Desktop/ROS2-Dynamic-local-Planner/dp_ws/install/dynamic_planner/share/dynamic_planner/package.zsh'
[23.244s] Level 1:colcon.colcon_core.environment:create_file_with_runtime_dependencies(/home/giaggi/Desktop/ROS2-Dynamic-local-Planner/dp_ws/install/dynamic_planner/share/colcon-core/packages/dynamic_planner)
[23.245s] Level 1:colcon.colcon_core.environment:create_environment_scripts_only(dynamic_planner)
[23.246s] Level 1:colcon.colcon_core.environment:checking '/home/giaggi/Desktop/ROS2-Dynamic-local-Planner/dp_ws/install/dynamic_planner' for CMake module files
[23.246s] Level 1:colcon.colcon_core.environment:checking '/home/giaggi/Desktop/ROS2-Dynamic-local-Planner/dp_ws/install/dynamic_planner' for CMake config files
[23.247s] Level 1:colcon.colcon_core.shell:create_environment_hook('dynamic_planner', 'cmake_prefix_path')
[23.247s] INFO:colcon.colcon_core.shell:Creating environment hook '/home/giaggi/Desktop/ROS2-Dynamic-local-Planner/dp_ws/install/dynamic_planner/share/dynamic_planner/hook/cmake_prefix_path.ps1'
[23.248s] INFO:colcon.colcon_core.shell:Creating environment descriptor '/home/giaggi/Desktop/ROS2-Dynamic-local-Planner/dp_ws/install/dynamic_planner/share/dynamic_planner/hook/cmake_prefix_path.dsv'
[23.249s] INFO:colcon.colcon_core.shell:Creating environment hook '/home/giaggi/Desktop/ROS2-Dynamic-local-Planner/dp_ws/install/dynamic_planner/share/dynamic_planner/hook/cmake_prefix_path.sh'
[23.249s] Level 1:colcon.colcon_core.environment:checking '/home/giaggi/Desktop/ROS2-Dynamic-local-Planner/dp_ws/install/dynamic_planner/lib'
[23.250s] Level 1:colcon.colcon_core.environment:checking '/home/giaggi/Desktop/ROS2-Dynamic-local-Planner/dp_ws/install/dynamic_planner/bin'
[23.250s] Level 1:colcon.colcon_core.environment:checking '/home/giaggi/Desktop/ROS2-Dynamic-local-Planner/dp_ws/install/dynamic_planner/lib/pkgconfig/dynamic_planner.pc'
[23.250s] Level 1:colcon.colcon_core.environment:checking '/home/giaggi/Desktop/ROS2-Dynamic-local-Planner/dp_ws/install/dynamic_planner/lib/python3.10/site-packages'
[23.250s] Level 1:colcon.colcon_core.environment:checking '/home/giaggi/Desktop/ROS2-Dynamic-local-Planner/dp_ws/install/dynamic_planner/bin'
[23.251s] INFO:colcon.colcon_core.shell:Creating package script '/home/giaggi/Desktop/ROS2-Dynamic-local-Planner/dp_ws/install/dynamic_planner/share/dynamic_planner/package.ps1'
[23.251s] INFO:colcon.colcon_core.shell:Creating package descriptor '/home/giaggi/Desktop/ROS2-Dynamic-local-Planner/dp_ws/install/dynamic_planner/share/dynamic_planner/package.dsv'
[23.252s] INFO:colcon.colcon_core.shell:Creating package script '/home/giaggi/Desktop/ROS2-Dynamic-local-Planner/dp_ws/install/dynamic_planner/share/dynamic_planner/package.sh'
[23.253s] INFO:colcon.colcon_core.shell:Creating package script '/home/giaggi/Desktop/ROS2-Dynamic-local-Planner/dp_ws/install/dynamic_planner/share/dynamic_planner/package.bash'
[23.253s] INFO:colcon.colcon_core.shell:Creating package script '/home/giaggi/Desktop/ROS2-Dynamic-local-Planner/dp_ws/install/dynamic_planner/share/dynamic_planner/package.zsh'
[23.254s] Level 1:colcon.colcon_core.environment:create_file_with_runtime_dependencies(/home/giaggi/Desktop/ROS2-Dynamic-local-Planner/dp_ws/install/dynamic_planner/share/colcon-core/packages/dynamic_planner)
[23.255s] DEBUG:colcon.colcon_parallel_executor.executor.parallel:closing loop
[23.256s] DEBUG:colcon.colcon_parallel_executor.executor.parallel:loop closed
[23.256s] DEBUG:colcon.colcon_parallel_executor.executor.parallel:run_until_complete finished with '0'
[23.257s] DEBUG:colcon.colcon_core.event_reactor:joining thread
[23.266s] INFO:colcon.colcon_core.plugin_system:Skipping extension 'colcon_notification.desktop_notification.terminal_notifier': Not used on non-Darwin systems
[23.266s] INFO:colcon.colcon_core.plugin_system:Skipping extension 'colcon_notification.desktop_notification.win32': Not used on non-Windows systems
[23.266s] INFO:colcon.colcon_notification.desktop_notification:Sending desktop notification using 'notify2'
[23.295s] DEBUG:colcon.colcon_core.event_reactor:joined thread
[23.296s] INFO:colcon.colcon_core.shell:Creating prefix script '/home/giaggi/Desktop/ROS2-Dynamic-local-Planner/dp_ws/install/local_setup.ps1'
[23.305s] INFO:colcon.colcon_core.shell:Creating prefix util module '/home/giaggi/Desktop/ROS2-Dynamic-local-Planner/dp_ws/install/_local_setup_util_ps1.py'
[23.308s] INFO:colcon.colcon_core.shell:Creating prefix chain script '/home/giaggi/Desktop/ROS2-Dynamic-local-Planner/dp_ws/install/setup.ps1'
[23.311s] INFO:colcon.colcon_core.shell:Creating prefix script '/home/giaggi/Desktop/ROS2-Dynamic-local-Planner/dp_ws/install/local_setup.sh'
[23.313s] INFO:colcon.colcon_core.shell:Creating prefix util module '/home/giaggi/Desktop/ROS2-Dynamic-local-Planner/dp_ws/install/_local_setup_util_sh.py'
[23.320s] INFO:colcon.colcon_core.shell:Creating prefix chain script '/home/giaggi/Desktop/ROS2-Dynamic-local-Planner/dp_ws/install/setup.sh'
[23.323s] INFO:colcon.colcon_core.shell:Creating prefix script '/home/giaggi/Desktop/ROS2-Dynamic-local-Planner/dp_ws/install/local_setup.bash'
[23.325s] INFO:colcon.colcon_core.shell:Creating prefix chain script '/home/giaggi/Desktop/ROS2-Dynamic-local-Planner/dp_ws/install/setup.bash'
[23.331s] INFO:colcon.colcon_core.shell:Creating prefix script '/home/giaggi/Desktop/ROS2-Dynamic-local-Planner/dp_ws/install/local_setup.zsh'
[23.338s] INFO:colcon.colcon_core.shell:Creating prefix chain script '/home/giaggi/Desktop/ROS2-Dynamic-local-Planner/dp_ws/install/setup.zsh'
