[0.026s] Invoking command in '/home/giaggi/Desktop/ROS2-Dynamic-local-Planner/dp_ws/build/dynamic_planner': CMAKE_PREFIX_PATH=/opt/ros/humble /usr/bin/cmake /home/giaggi/Desktop/ROS2-Dynamic-local-Planner/dp_ws/src/dynamic_planner -DAMENT_CMAKE_SYMLINK_INSTALL=1 -DCMAKE_INSTALL_PREFIX=/home/giaggi/Desktop/ROS2-Dynamic-local-Planner/dp_ws/install/dynamic_planner
[0.430s] -- The C compiler identification is GNU 11.4.0
[0.664s] -- The CXX compiler identification is GNU 11.4.0
[0.693s] -- Detecting C compiler ABI info
[0.959s] -- Detecting C compiler ABI info - done
[0.968s] -- Check for working C compiler: /usr/bin/cc - skipped
[0.968s] -- Detecting C compile features
[0.971s] -- Detecting C compile features - done
[0.976s] -- Detecting CXX compiler ABI info
[1.098s] -- Detecting CXX compiler ABI info - done
[1.107s] -- Check for working CXX compiler: /usr/bin/c++ - skipped
[1.107s] -- Detecting CXX compile features
[1.107s] -- Detecting CXX compile features - done
[1.141s] -- Found ament_cmake: 1.3.11 (/opt/ros/humble/share/ament_cmake/cmake)
[1.369s] -- Found Python3: /usr/bin/python3 (found version "3.10.12") found components: Interpreter 
[1.507s] -- Override CMake install command with custom implementation using symlinks instead of copying resources
[1.607s] -- Found rclcpp: 16.0.12 (/opt/ros/humble/share/rclcpp/cmake)
[1.748s] -- Found rosidl_generator_c: 3.1.6 (/opt/ros/humble/share/rosidl_generator_c/cmake)
[1.763s] -- Found rosidl_adapter: 3.1.6 (/opt/ros/humble/share/rosidl_adapter/cmake)
[1.795s] -- Found rosidl_generator_cpp: 3.1.6 (/opt/ros/humble/share/rosidl_generator_cpp/cmake)
[1.837s] -- Using all available rosidl_typesupport_c: rosidl_typesupport_fastrtps_c;rosidl_typesupport_introspection_c
[1.882s] -- Using all available rosidl_typesupport_cpp: rosidl_typesupport_fastrtps_cpp;rosidl_typesupport_introspection_cpp
[2.001s] -- Found rmw_implementation_cmake: 6.1.2 (/opt/ros/humble/share/rmw_implementation_cmake/cmake)
[2.009s] -- Found rmw_fastrtps_cpp: 6.2.7 (/opt/ros/humble/share/rmw_fastrtps_cpp/cmake)
[2.220s] -- Found OpenSSL: /usr/lib/x86_64-linux-gnu/libcrypto.so (found version "3.0.2")  
[2.256s] -- Found FastRTPS: /opt/ros/humble/include  
[2.318s] -- Using RMW implementation 'rmw_fastrtps_cpp' as default
[2.358s] -- Looking for pthread.h
[2.536s] -- Looking for pthread.h - found
[2.536s] -- Performing Test CMAKE_HAVE_LIBC_PTHREAD
[2.724s] -- Performing Test CMAKE_HAVE_LIBC_PTHREAD - Success
[2.725s] -- Found Threads: TRUE  
[2.883s] -- Found sensor_msgs: 4.8.0 (/opt/ros/humble/share/sensor_msgs/cmake)
[2.974s] -- Found nav_msgs: 4.8.0 (/opt/ros/humble/share/nav_msgs/cmake)
[3.023s] -- Found tf2_ros: 0.25.12 (/opt/ros/humble/share/tf2_ros/cmake)
[3.342s] -- Found tf2_geometry_msgs: 0.25.12 (/opt/ros/humble/share/tf2_geometry_msgs/cmake)
[3.374s] -- Found eigen3_cmake_module: 0.1.1 (/opt/ros/humble/share/eigen3_cmake_module/cmake)
[3.379s] -- Found Eigen3: TRUE (found version "3.4.0") 
[3.380s] -- Ensuring Eigen3 include directory is part of orocos-kdl CMake target
[3.396s] -- Found ament_lint_auto: 0.12.12 (/opt/ros/humble/share/ament_lint_auto/cmake)
[3.568s] -- Added test 'copyright' to check source files copyright and LICENSE
[3.571s] -- Added test 'cppcheck' to perform static code analysis on C / C++ code
[3.571s] -- Configured cppcheck include dirs: 
[3.571s] -- Configured cppcheck exclude dirs and/or files: 
[3.574s] -- Added test 'cpplint' to check C / C++ code against the Google style
[3.574s] -- Configured cpplint exclude dirs and/or files: 
[3.578s] -- Added test 'lint_cmake' to check CMake code style
[3.581s] -- Added test 'uncrustify' to check C / C++ code style
[3.581s] -- Configured uncrustify additional arguments: 
[3.583s] -- Added test 'xmllint' to check XML markup files
[3.588s] -- Configuring done
[3.629s] -- Generating done
[3.646s] -- Build files have been written to: /home/giaggi/Desktop/ROS2-Dynamic-local-Planner/dp_ws/build/dynamic_planner
[3.664s] Invoked command in '/home/giaggi/Desktop/ROS2-Dynamic-local-Planner/dp_ws/build/dynamic_planner' returned '0': CMAKE_PREFIX_PATH=/opt/ros/humble /usr/bin/cmake /home/giaggi/Desktop/ROS2-Dynamic-local-Planner/dp_ws/src/dynamic_planner -DAMENT_CMAKE_SYMLINK_INSTALL=1 -DCMAKE_INSTALL_PREFIX=/home/giaggi/Desktop/ROS2-Dynamic-local-Planner/dp_ws/install/dynamic_planner
[3.665s] Invoking command in '/home/giaggi/Desktop/ROS2-Dynamic-local-Planner/dp_ws/build/dynamic_planner': CMAKE_PREFIX_PATH=/opt/ros/humble /usr/bin/cmake --build /home/giaggi/Desktop/ROS2-Dynamic-local-Planner/dp_ws/build/dynamic_planner -- -j4 -l4
[3.750s] [ 16%] [32mBuilding CXX object CMakeFiles/tf_broadcaster.dir/tf_broadcaster/tf_broadcaster.cpp.o[0m
[3.753s] [ 33%] [32mBuilding CXX object CMakeFiles/dp_node.dir/src/dp_node.cpp.o[0m
[3.756s] [ 50%] [32mBuilding CXX object CMakeFiles/controller_node.dir/src/controller_node.cpp.o[0m
[26.942s] [ 66%] [32m[1mLinking CXX executable tf_broadcaster[0m
[27.608s] [ 66%] Built target tf_broadcaster
[49.976s] [ 83%] [32m[1mLinking CXX executable controller_node[0m
[51.468s] [ 83%] Built target controller_node
[52.932s] [100%] [32m[1mLinking CXX executable dp_node[0m
[54.440s] [100%] Built target dp_node
[54.498s] Invoked command in '/home/giaggi/Desktop/ROS2-Dynamic-local-Planner/dp_ws/build/dynamic_planner' returned '0': CMAKE_PREFIX_PATH=/opt/ros/humble /usr/bin/cmake --build /home/giaggi/Desktop/ROS2-Dynamic-local-Planner/dp_ws/build/dynamic_planner -- -j4 -l4
[54.540s] Invoking command in '/home/giaggi/Desktop/ROS2-Dynamic-local-Planner/dp_ws/build/dynamic_planner': CMAKE_PREFIX_PATH=/opt/ros/humble /usr/bin/cmake --install /home/giaggi/Desktop/ROS2-Dynamic-local-Planner/dp_ws/build/dynamic_planner
[54.566s] -- Install configuration: ""
[54.568s] -- Execute custom install script
[54.573s] -- Symlinking: /home/giaggi/Desktop/ROS2-Dynamic-local-Planner/dp_ws/install/dynamic_planner/lib/dynamic_planner/dp_node
[54.593s] -- Symlinking: /home/giaggi/Desktop/ROS2-Dynamic-local-Planner/dp_ws/install/dynamic_planner/lib/dynamic_planner/tf_broadcaster
[54.641s] -- Symlinking: /home/giaggi/Desktop/ROS2-Dynamic-local-Planner/dp_ws/install/dynamic_planner/lib/dynamic_planner/controller_node
[54.664s] -- Symlinking: /home/giaggi/Desktop/ROS2-Dynamic-local-Planner/dp_ws/install/dynamic_planner/share/ament_index/resource_index/package_run_dependencies/dynamic_planner
[54.677s] -- Symlinking: /home/giaggi/Desktop/ROS2-Dynamic-local-Planner/dp_ws/install/dynamic_planner/share/ament_index/resource_index/parent_prefix_path/dynamic_planner
[54.694s] -- Symlinking: /home/giaggi/Desktop/ROS2-Dynamic-local-Planner/dp_ws/install/dynamic_planner/share/dynamic_planner/environment/ament_prefix_path.sh
[54.710s] -- Symlinking: /home/giaggi/Desktop/ROS2-Dynamic-local-Planner/dp_ws/install/dynamic_planner/share/dynamic_planner/environment/ament_prefix_path.dsv
[54.729s] -- Symlinking: /home/giaggi/Desktop/ROS2-Dynamic-local-Planner/dp_ws/install/dynamic_planner/share/dynamic_planner/environment/path.sh
[54.748s] -- Symlinking: /home/giaggi/Desktop/ROS2-Dynamic-local-Planner/dp_ws/install/dynamic_planner/share/dynamic_planner/environment/path.dsv
[54.763s] -- Symlinking: /home/giaggi/Desktop/ROS2-Dynamic-local-Planner/dp_ws/install/dynamic_planner/share/dynamic_planner/local_setup.bash
[54.777s] -- Symlinking: /home/giaggi/Desktop/ROS2-Dynamic-local-Planner/dp_ws/install/dynamic_planner/share/dynamic_planner/local_setup.sh
[54.792s] -- Symlinking: /home/giaggi/Desktop/ROS2-Dynamic-local-Planner/dp_ws/install/dynamic_planner/share/dynamic_planner/local_setup.zsh
[54.820s] -- Symlinking: /home/giaggi/Desktop/ROS2-Dynamic-local-Planner/dp_ws/install/dynamic_planner/share/dynamic_planner/local_setup.dsv
[54.831s] -- Symlinking: /home/giaggi/Desktop/ROS2-Dynamic-local-Planner/dp_ws/install/dynamic_planner/share/dynamic_planner/package.dsv
[54.852s] -- Symlinking: /home/giaggi/Desktop/ROS2-Dynamic-local-Planner/dp_ws/install/dynamic_planner/share/ament_index/resource_index/packages/dynamic_planner
[54.871s] -- Symlinking: /home/giaggi/Desktop/ROS2-Dynamic-local-Planner/dp_ws/install/dynamic_planner/share/dynamic_planner/cmake/dynamic_plannerConfig.cmake
[54.883s] -- Symlinking: /home/giaggi/Desktop/ROS2-Dynamic-local-Planner/dp_ws/install/dynamic_planner/share/dynamic_planner/cmake/dynamic_plannerConfig-version.cmake
[54.897s] -- Symlinking: /home/giaggi/Desktop/ROS2-Dynamic-local-Planner/dp_ws/install/dynamic_planner/share/dynamic_planner/package.xml
[54.914s] Invoked command in '/home/giaggi/Desktop/ROS2-Dynamic-local-Planner/dp_ws/build/dynamic_planner' returned '0': CMAKE_PREFIX_PATH=/opt/ros/humble /usr/bin/cmake --install /home/giaggi/Desktop/ROS2-Dynamic-local-Planner/dp_ws/build/dynamic_planner
