[0.013s] Invoking command in '/home/giaggi/Desktop/ROS2-Dynamic-local-Planner/dp_ws/build/dynamic_planner': /usr/bin/cmake /home/giaggi/Desktop/ROS2-Dynamic-local-Planner/dp_ws/src/dynamic_planner -DCMAKE_INSTALL_PREFIX=/home/giaggi/Desktop/ROS2-Dynamic-local-Planner/dp_ws/install/dynamic_planner
[0.028s] -- Found ament_cmake: 1.3.11 (/opt/ros/humble/share/ament_cmake/cmake)
[0.182s] Traceback (most recent call last):
[0.182s]   File "/opt/ros/humble/share/ament_cmake_core/cmake/package_templates/templates_2_cmake.py", line 21, in <module>
[0.182s]     from ament_package.templates import get_environment_hook_template_path
[0.182s] ModuleNotFoundError: No module named 'ament_package'
[0.195s] [31mCMake Error at /opt/ros/humble/share/ament_cmake_core/cmake/ament_cmake_package_templates-extras.cmake:41 (message):
[0.196s]   execute_process(/usr/bin/python3
[0.196s]   /opt/ros/humble/share/ament_cmake_core/cmake/package_templates/templates_2_cmake.py
[0.196s]   /home/giaggi/Desktop/ROS2-Dynamic-local-Planner/dp_ws/build/dynamic_planner/ament_cmake_package_templates/templates.cmake)
[0.196s]   returned error code 1
[0.197s] Call Stack (most recent call first):
[0.197s]   /opt/ros/humble/share/ament_cmake_core/cmake/ament_cmake_coreConfig.cmake:41 (include)
[0.197s]   /opt/ros/humble/share/ament_cmake/cmake/ament_cmake_export_dependencies-extras.cmake:15 (find_package)
[0.197s]   /opt/ros/humble/share/ament_cmake/cmake/ament_cmakeConfig.cmake:41 (include)
[0.197s]   CMakeLists.txt:9 (find_package)
[0.197s] 
[0.197s] [0m
[0.198s] -- Configuring incomplete, errors occurred!
[0.198s] See also "/home/giaggi/Desktop/ROS2-Dynamic-local-Planner/dp_ws/build/dynamic_planner/CMakeFiles/CMakeOutput.log".
[0.202s] Invoked command in '/home/giaggi/Desktop/ROS2-Dynamic-local-Planner/dp_ws/build/dynamic_planner' returned '1': /usr/bin/cmake /home/giaggi/Desktop/ROS2-Dynamic-local-Planner/dp_ws/src/dynamic_planner -DCMAKE_INSTALL_PREFIX=/home/giaggi/Desktop/ROS2-Dynamic-local-Planner/dp_ws/install/dynamic_planner
