[0.024s] Invoking command in '/home/giaggi/Desktop/ROS2-Dynamic-local-Planner/dp_ws/build/dynamic_planner': /usr/bin/cmake --build /home/giaggi/Desktop/ROS2-Dynamic-local-Planner/dp_ws/build/dynamic_planner -- -j4 -l4
[0.054s] -- Found ament_cmake: 1.3.11 (/opt/ros/humble/share/ament_cmake/cmake)
[0.171s] -- Override CMake install command with custom implementation using symlinks instead of copying resources
[0.181s] -- Found rclcpp: 16.0.11 (/opt/ros/humble/share/rclcpp/cmake)
[0.213s] -- Found rosidl_generator_c: 3.1.6 (/opt/ros/humble/share/rosidl_generator_c/cmake)
[0.215s] -- Found rosidl_adapter: 3.1.6 (/opt/ros/humble/share/rosidl_adapter/cmake)
[0.221s] -- Found rosidl_generator_cpp: 3.1.6 (/opt/ros/humble/share/rosidl_generator_cpp/cmake)
[0.232s] [31mCMake Error at /opt/ros/humble/share/rosidl_typesupport_c/cmake/get_used_typesupports.cmake:35 (message):
[0.232s]   No 'rosidl_typesupport_c' found
[0.232s] Call Stack (most recent call first):
[0.232s]   /opt/ros/humble/share/rosidl_typesupport_c/cmake/rosidl_typesupport_c-extras.cmake:8 (get_used_typesupports)
[0.232s]   /opt/ros/humble/share/rosidl_typesupport_c/cmake/rosidl_typesupport_cConfig.cmake:41 (include)
[0.233s]   /opt/ros/humble/share/builtin_interfaces/cmake/ament_cmake_export_dependencies-extras.cmake:21 (find_package)
[0.233s]   /opt/ros/humble/share/builtin_interfaces/cmake/builtin_interfacesConfig.cmake:41 (include)
[0.233s]   /opt/ros/humble/share/libstatistics_collector/cmake/ament_cmake_export_dependencies-extras.cmake:21 (find_package)
[0.233s]   /opt/ros/humble/share/libstatistics_collector/cmake/libstatistics_collectorConfig.cmake:41 (include)
[0.233s]   /opt/ros/humble/share/rclcpp/cmake/ament_cmake_export_dependencies-extras.cmake:21 (find_package)
[0.233s]   /opt/ros/humble/share/rclcpp/cmake/rclcppConfig.cmake:41 (include)
[0.233s]   CMakeLists.txt:9 (find_package)
[0.233s] 
[0.233s] [0m
[0.233s] -- Configuring incomplete, errors occurred!
[0.233s] See also "/home/giaggi/Desktop/ROS2-Dynamic-local-Planner/dp_ws/build/dynamic_planner/CMakeFiles/CMakeOutput.log".
[0.240s] gmake: *** [Makefile:267: cmake_check_build_system] Error 1
[0.244s] Invoked command in '/home/giaggi/Desktop/ROS2-Dynamic-local-Planner/dp_ws/build/dynamic_planner' returned '2': /usr/bin/cmake --build /home/giaggi/Desktop/ROS2-Dynamic-local-Planner/dp_ws/build/dynamic_planner -- -j4 -l4
