[0.039s] Invoking command in '/home/giaggi/Desktop/ROS2-Dynamic-local-Planner/dp_ws/build/dynamic_planner': /usr/bin/cmake --build /home/giaggi/Desktop/ROS2-Dynamic-local-Planner/dp_ws/build/dynamic_planner -- -j4 -l4
[0.289s] [35m[1mConsolidate compiler generated dependencies of target dp_node[0m
[0.396s] [ 50%] [32mBuilding CXX object CMakeFiles/dp_node.dir/src/dp_node.cpp.o[0m
[22.364s] [100%] [32m[1mLinking CXX executable dp_node[0m
[23.376s] [100%] Built target dp_node
[23.401s] Invoked command in '/home/giaggi/Desktop/ROS2-Dynamic-local-Planner/dp_ws/build/dynamic_planner' returned '0': /usr/bin/cmake --build /home/giaggi/Desktop/ROS2-Dynamic-local-Planner/dp_ws/build/dynamic_planner -- -j4 -l4
[23.417s] Invoking command in '/home/giaggi/Desktop/ROS2-Dynamic-local-Planner/dp_ws/build/dynamic_planner': /usr/bin/cmake --install /home/giaggi/Desktop/ROS2-Dynamic-local-Planner/dp_ws/build/dynamic_planner
[23.429s] -- Install configuration: ""
[23.436s] -- Installing: /home/giaggi/Desktop/ROS2-Dynamic-local-Planner/dp_ws/install/dynamic_planner/lib/dynamic_planner/dp_node
[23.437s] -- Set runtime path of "/home/giaggi/Desktop/ROS2-Dynamic-local-Planner/dp_ws/install/dynamic_planner/lib/dynamic_planner/dp_node" to ""
[23.437s] -- Up-to-date: /home/giaggi/Desktop/ROS2-Dynamic-local-Planner/dp_ws/install/dynamic_planner/share/ament_index/resource_index/package_run_dependencies/dynamic_planner
[23.440s] -- Up-to-date: /home/giaggi/Desktop/ROS2-Dynamic-local-Planner/dp_ws/install/dynamic_planner/share/ament_index/resource_index/parent_prefix_path/dynamic_planner
[23.440s] -- Up-to-date: /home/giaggi/Desktop/ROS2-Dynamic-local-Planner/dp_ws/install/dynamic_planner/share/dynamic_planner/environment/ament_prefix_path.sh
[23.440s] -- Up-to-date: /home/giaggi/Desktop/ROS2-Dynamic-local-Planner/dp_ws/install/dynamic_planner/share/dynamic_planner/environment/ament_prefix_path.dsv
[23.440s] -- Up-to-date: /home/giaggi/Desktop/ROS2-Dynamic-local-Planner/dp_ws/install/dynamic_planner/share/dynamic_planner/environment/path.sh
[23.440s] -- Up-to-date: /home/giaggi/Desktop/ROS2-Dynamic-local-Planner/dp_ws/install/dynamic_planner/share/dynamic_planner/environment/path.dsv
[23.441s] -- Up-to-date: /home/giaggi/Desktop/ROS2-Dynamic-local-Planner/dp_ws/install/dynamic_planner/share/dynamic_planner/local_setup.bash
[23.441s] -- Up-to-date: /home/giaggi/Desktop/ROS2-Dynamic-local-Planner/dp_ws/install/dynamic_planner/share/dynamic_planner/local_setup.sh
[23.441s] -- Up-to-date: /home/giaggi/Desktop/ROS2-Dynamic-local-Planner/dp_ws/install/dynamic_planner/share/dynamic_planner/local_setup.zsh
[23.442s] -- Up-to-date: /home/giaggi/Desktop/ROS2-Dynamic-local-Planner/dp_ws/install/dynamic_planner/share/dynamic_planner/local_setup.dsv
[23.442s] -- Installing: /home/giaggi/Desktop/ROS2-Dynamic-local-Planner/dp_ws/install/dynamic_planner/share/dynamic_planner/package.dsv
[23.442s] -- Up-to-date: /home/giaggi/Desktop/ROS2-Dynamic-local-Planner/dp_ws/install/dynamic_planner/share/ament_index/resource_index/packages/dynamic_planner
[23.442s] -- Up-to-date: /home/giaggi/Desktop/ROS2-Dynamic-local-Planner/dp_ws/install/dynamic_planner/share/dynamic_planner/cmake/dynamic_plannerConfig.cmake
[23.442s] -- Up-to-date: /home/giaggi/Desktop/ROS2-Dynamic-local-Planner/dp_ws/install/dynamic_planner/share/dynamic_planner/cmake/dynamic_plannerConfig-version.cmake
[23.442s] -- Up-to-date: /home/giaggi/Desktop/ROS2-Dynamic-local-Planner/dp_ws/install/dynamic_planner/share/dynamic_planner/package.xml
[23.445s] Invoked command in '/home/giaggi/Desktop/ROS2-Dynamic-local-Planner/dp_ws/build/dynamic_planner' returned '0': /usr/bin/cmake --install /home/giaggi/Desktop/ROS2-Dynamic-local-Planner/dp_ws/build/dynamic_planner
