[0.046s] Invoking command in '/home/giaggi/Desktop/ROS2-Dynamic-local-Planner/dp_ws/build/dynamic_planner': /usr/bin/cmake --build /home/giaggi/Desktop/ROS2-Dynamic-local-Planner/dp_ws/build/dynamic_planner -- -j4 -l4
[0.419s] [35m[1mConsolidate compiler generated dependencies of target dp_node[0m
[0.550s] [ 50%] [32mBuilding CXX object CMakeFiles/dp_node.dir/src/dp_node.cpp.o[0m
[16.412s] [100%] [32m[1mLinking CXX executable dp_node[0m
[17.229s] [100%] Built target dp_node
[17.248s] Invoked command in '/home/giaggi/Desktop/ROS2-Dynamic-local-Planner/dp_ws/build/dynamic_planner' returned '0': /usr/bin/cmake --build /home/giaggi/Desktop/ROS2-Dynamic-local-Planner/dp_ws/build/dynamic_planner -- -j4 -l4
[17.266s] Invoking command in '/home/giaggi/Desktop/ROS2-Dynamic-local-Planner/dp_ws/build/dynamic_planner': /usr/bin/cmake --install /home/giaggi/Desktop/ROS2-Dynamic-local-Planner/dp_ws/build/dynamic_planner
[17.288s] -- Install configuration: ""
[17.297s] -- Installing: /home/giaggi/Desktop/ROS2-Dynamic-local-Planner/dp_ws/install/dynamic_planner/lib/dynamic_planner/dp_node
[17.300s] -- Set runtime path of "/home/giaggi/Desktop/ROS2-Dynamic-local-Planner/dp_ws/install/dynamic_planner/lib/dynamic_planner/dp_node" to ""
[17.300s] -- Up-to-date: /home/giaggi/Desktop/ROS2-Dynamic-local-Planner/dp_ws/install/dynamic_planner/share/ament_index/resource_index/package_run_dependencies/dynamic_planner
[17.300s] -- Up-to-date: /home/giaggi/Desktop/ROS2-Dynamic-local-Planner/dp_ws/install/dynamic_planner/share/ament_index/resource_index/parent_prefix_path/dynamic_planner
[17.300s] -- Up-to-date: /home/giaggi/Desktop/ROS2-Dynamic-local-Planner/dp_ws/install/dynamic_planner/share/dynamic_planner/environment/ament_prefix_path.sh
[17.301s] -- Up-to-date: /home/giaggi/Desktop/ROS2-Dynamic-local-Planner/dp_ws/install/dynamic_planner/share/dynamic_planner/environment/ament_prefix_path.dsv
[17.301s] -- Up-to-date: /home/giaggi/Desktop/ROS2-Dynamic-local-Planner/dp_ws/install/dynamic_planner/share/dynamic_planner/environment/path.sh
[17.302s] -- Up-to-date: /home/giaggi/Desktop/ROS2-Dynamic-local-Planner/dp_ws/install/dynamic_planner/share/dynamic_planner/environment/path.dsv
[17.302s] -- Up-to-date: /home/giaggi/Desktop/ROS2-Dynamic-local-Planner/dp_ws/install/dynamic_planner/share/dynamic_planner/local_setup.bash
[17.302s] -- Up-to-date: /home/giaggi/Desktop/ROS2-Dynamic-local-Planner/dp_ws/install/dynamic_planner/share/dynamic_planner/local_setup.sh
[17.302s] -- Up-to-date: /home/giaggi/Desktop/ROS2-Dynamic-local-Planner/dp_ws/install/dynamic_planner/share/dynamic_planner/local_setup.zsh
[17.302s] -- Up-to-date: /home/giaggi/Desktop/ROS2-Dynamic-local-Planner/dp_ws/install/dynamic_planner/share/dynamic_planner/local_setup.dsv
[17.302s] -- Installing: /home/giaggi/Desktop/ROS2-Dynamic-local-Planner/dp_ws/install/dynamic_planner/share/dynamic_planner/package.dsv
[17.302s] -- Up-to-date: /home/giaggi/Desktop/ROS2-Dynamic-local-Planner/dp_ws/install/dynamic_planner/share/ament_index/resource_index/packages/dynamic_planner
[17.302s] -- Up-to-date: /home/giaggi/Desktop/ROS2-Dynamic-local-Planner/dp_ws/install/dynamic_planner/share/dynamic_planner/cmake/dynamic_plannerConfig.cmake
[17.302s] -- Up-to-date: /home/giaggi/Desktop/ROS2-Dynamic-local-Planner/dp_ws/install/dynamic_planner/share/dynamic_planner/cmake/dynamic_plannerConfig-version.cmake
[17.302s] -- Up-to-date: /home/giaggi/Desktop/ROS2-Dynamic-local-Planner/dp_ws/install/dynamic_planner/share/dynamic_planner/package.xml
[17.308s] Invoked command in '/home/giaggi/Desktop/ROS2-Dynamic-local-Planner/dp_ws/build/dynamic_planner' returned '0': /usr/bin/cmake --install /home/giaggi/Desktop/ROS2-Dynamic-local-Planner/dp_ws/build/dynamic_planner
